<?xml version="1.0" encoding="UTF-8"?>
<!-- Generated by org.testng.reporters.JUnitReportReporter -->
<testsuite hostname="Dipali" failures="0" tests="4" name="com.swagLab.testCases.TC_LoginTest_006" time="0.978" errors="0" timestamp="2024-04-25T14:27:32 IST" skipped="0">
  <testcase classname="com.swagLab.testCases.TC_LoginTest_006" name="enterUserName" time="0.322"/>
  <system-out/>
  <testcase classname="com.swagLab.testCases.TC_LoginTest_006" name="testDataInit" time="0.208"/>
  <system-out/>
  <testcase classname="com.swagLab.testCases.TC_LoginTest_006" name="assertPasswordIsRequired" time="0.189"/>
  <system-out/>
  <testcase classname="com.swagLab.testCases.TC_LoginTest_006" name="clickOnLoginButton" time="0.259"/>
  <system-out/>
</testsuite> <!-- com.swagLab.testCases.TC_LoginTest_006 -->
