<?xml version="1.0" encoding="UTF-8"?>
<!-- Generated by org.testng.reporters.JUnitReportReporter -->
<testsuite hostname="Dipali" failures="0" tests="7" name="productListPageTestCase.TC_02_SortProductByDescendingOrderByName" time="2.733" errors="0" timestamp="2024-05-28T16:35:26 IST" skipped="0">
  <testcase classname="productListPageTestCase.TC_02_SortProductByDescendingOrderByName" name="enterUserName" time="0.591"/>
  <system-out/>
  <testcase classname="productListPageTestCase.TC_02_SortProductByDescendingOrderByName" name="enterPassword" time="0.252"/>
  <system-out/>
  <testcase classname="productListPageTestCase.TC_02_SortProductByDescendingOrderByName" name="selectOptionByDescendingProuctName" time="0.644"/>
  <system-out/>
  <testcase classname="productListPageTestCase.TC_02_SortProductByDescendingOrderByName" name="clickOnProductSortDropDownMenu" time="0.513"/>
  <system-out/>
  <testcase classname="productListPageTestCase.TC_02_SortProductByDescendingOrderByName" name="testDataInit" time="0.168"/>
  <system-out/>
  <testcase classname="productListPageTestCase.TC_02_SortProductByDescendingOrderByName" name="asseertProductListByDescendingOrder" time="0.227"/>
  <system-out/>
  <testcase classname="productListPageTestCase.TC_02_SortProductByDescendingOrderByName" name="clickOnLoginButton" time="0.338"/>
  <system-out/>
</testsuite> <!-- productListPageTestCase.TC_02_SortProductByDescendingOrderByName -->
