<?xml version="1.0" encoding="UTF-8"?>
<!-- Generated by org.testng.reporters.JUnitReportReporter -->
<testsuite hostname="Dipali" failures="0" tests="5" name="com.swagLab.loginPageTestCases.TC_LoginTest_001" time="1.097" errors="0" timestamp="2024-05-28T16:36:32 IST" skipped="0">
  <testcase classname="com.swagLab.loginPageTestCases.TC_LoginTest_001" name="assertSwagLabPageIsOpen" time="0.133"/>
  <system-out/>
  <testcase classname="com.swagLab.loginPageTestCases.TC_LoginTest_001" name="testDataInit" time="0.167"/>
  <system-out/>
  <testcase classname="com.swagLab.loginPageTestCases.TC_LoginTest_001" name="enterUserName" time="0.305"/>
  <system-out/>
  <testcase classname="com.swagLab.loginPageTestCases.TC_LoginTest_001" name="enterPassword" time="0.221"/>
  <system-out/>
  <testcase classname="com.swagLab.loginPageTestCases.TC_LoginTest_001" name="clickOnLoginButton" time="0.271"/>
  <system-out/>
</testsuite> <!-- com.swagLab.loginPageTestCases.TC_LoginTest_001 -->
