<?xml version="1.0" encoding="UTF-8"?>
<!-- Generated by org.testng.reporters.JUnitReportReporter -->
<testsuite hostname="Dipali" failures="0" tests="4" name="com.swagLab.testCases.TC_LoginTest_005" time="0.695" errors="0" timestamp="2024-04-25T23:27:47 IST" skipped="0">
  <testcase classname="com.swagLab.testCases.TC_LoginTest_005" name="testDataInit" time="0.143"/>
  <system-out/>
  <testcase classname="com.swagLab.testCases.TC_LoginTest_005" name="enterPassword" time="0.304"/>
  <system-out/>
  <testcase classname="com.swagLab.testCases.TC_LoginTest_005" name="clickOnLoginButton" time="0.239"/>
  <system-out/>
  <testcase classname="com.swagLab.testCases.TC_LoginTest_005" name="assertUsernameIsRequired" time="0.009"/>
  <system-out/>
</testsuite> <!-- com.swagLab.testCases.TC_LoginTest_005 -->
