<?xml version="1.0" encoding="UTF-8"?>
<!-- Generated by org.testng.reporters.JUnitReportReporter -->
<testsuite hostname="Dipali" failures="0" tests="5" name="com.swagLab.testCases.TC_LoginTest_003" time="1.165" errors="0" timestamp="2024-04-25T14:10:44 IST" skipped="0">
  <testcase classname="com.swagLab.testCases.TC_LoginTest_003" name="enterInvalidUserName" time="0.363"/>
  <system-out/>
  <testcase classname="com.swagLab.testCases.TC_LoginTest_003" name="assertUsernameAndPasswordIsCorrect" time="0.221"/>
  <system-out/>
  <testcase classname="com.swagLab.testCases.TC_LoginTest_003" name="testDataInit" time="0.112"/>
  <system-out/>
  <testcase classname="com.swagLab.testCases.TC_LoginTest_003" name="enterPassword" time="0.286"/>
  <system-out/>
  <testcase classname="com.swagLab.testCases.TC_LoginTest_003" name="clickOnLoginButton" time="0.183"/>
  <system-out/>
</testsuite> <!-- com.swagLab.testCases.TC_LoginTest_003 -->
