<?xml version="1.0" encoding="UTF-8"?>
<!-- Generated by org.testng.reporters.JUnitReportReporter -->
<testsuite hostname="Dipali" failures="0" tests="7" name="productListPageTestCase.TC_03_SortProductByAscendingOrderByPrize" time="1.033" errors="0" timestamp="2024-05-28T17:23:45 IST" skipped="0">
  <testcase classname="productListPageTestCase.TC_03_SortProductByAscendingOrderByPrize" name="assertProductListByAscendingProductPrize" time="0.088"/>
  <system-out/>
  <testcase classname="productListPageTestCase.TC_03_SortProductByAscendingOrderByPrize" name="enterPassword" time="0.157"/>
  <system-out/>
  <testcase classname="productListPageTestCase.TC_03_SortProductByAscendingOrderByPrize" name="testDataInit" time="0.092"/>
  <system-out/>
  <testcase classname="productListPageTestCase.TC_03_SortProductByAscendingOrderByPrize" name="clickOnProductSortDropDownMenu" time="0.139"/>
  <system-out/>
  <testcase classname="productListPageTestCase.TC_03_SortProductByAscendingOrderByPrize" name="clickOnLoginButton" time="0.160"/>
  <system-out/>
  <testcase classname="productListPageTestCase.TC_03_SortProductByAscendingOrderByPrize" name="selectOptionByAscendingProductPrize" time="0.224"/>
  <system-out/>
  <testcase classname="productListPageTestCase.TC_03_SortProductByAscendingOrderByPrize" name="enterUserName" time="0.173"/>
  <system-out/>
</testsuite> <!-- productListPageTestCase.TC_03_SortProductByAscendingOrderByPrize -->
