<?xml version="1.0" encoding="UTF-8"?>
<!-- Generated by org.testng.reporters.JUnitReportReporter -->
<testsuite hostname="Dipali" failures="0" tests="5" name="com.swagLab.testCases.TC_LoginTest_004" time="1.168" errors="0" timestamp="2024-04-25T13:29:20 IST" skipped="0">
  <testcase classname="com.swagLab.testCases.TC_LoginTest_004" name="enterInvalidPassword" time="0.280"/>
  <system-out/>
  <testcase classname="com.swagLab.testCases.TC_LoginTest_004" name="assertUsernameAndPasswordIsCorrect" time="0.141"/>
  <system-out/>
  <testcase classname="com.swagLab.testCases.TC_LoginTest_004" name="testDataInit" time="0.184"/>
  <system-out/>
  <testcase classname="com.swagLab.testCases.TC_LoginTest_004" name="clickOnLoginButton" time="0.204"/>
  <system-out/>
  <testcase classname="com.swagLab.testCases.TC_LoginTest_004" name="enterUserName" time="0.359"/>
  <system-out/>
</testsuite> <!-- com.swagLab.testCases.TC_LoginTest_004 -->
