<?xml version="1.0" encoding="UTF-8"?>
<!-- Generated by org.testng.reporters.JUnitReportReporter -->
<testsuite hostname="Dipali" failures="0" tests="3" name="com.swagLab.testCases.TC_LoginTest_007" time="0.614" errors="0" timestamp="2024-04-25T15:07:29 IST" skipped="0">
  <testcase classname="com.swagLab.testCases.TC_LoginTest_007" name="testDataInit" time="0.193"/>
  <system-out/>
  <testcase classname="com.swagLab.testCases.TC_LoginTest_007" name="clickOnLoginButton" time="0.234"/>
  <system-out/>
  <testcase classname="com.swagLab.testCases.TC_LoginTest_007" name="assertUserNameAndPasswordIsRequired" time="0.187"/>
  <system-out/>
</testsuite> <!-- com.swagLab.testCases.TC_LoginTest_007 -->
