<?xml version="1.0" encoding="UTF-8"?>
<!-- Generated by org.testng.reporters.JUnitReportReporter -->
<testsuite hostname="Dipali" failures="0" tests="5" name="com.swagLab.testCases.TC_LoginTest_001" time="2.061" errors="0" timestamp="2024-04-25T00:11:53 IST" skipped="0">
  <testcase classname="com.swagLab.testCases.TC_LoginTest_001" name="enterUserName" time="1.107"/>
  <system-out/>
  <testcase classname="com.swagLab.testCases.TC_LoginTest_001" name="enterPassword" time="0.264"/>
  <system-out/>
  <testcase classname="com.swagLab.testCases.TC_LoginTest_001" name="clickOnLoginButton" time="0.342"/>
  <system-out/>
  <testcase classname="com.swagLab.testCases.TC_LoginTest_001" name="testDataInit" time="0.099"/>
  <system-out/>
  <testcase classname="com.swagLab.testCases.TC_LoginTest_001" name="assertSwagLabPageIsOpen" time="0.249"/>
  <system-out/>
</testsuite> <!-- com.swagLab.testCases.TC_LoginTest_001 -->
