<?xml version="1.0" encoding="UTF-8"?>
<!-- Generated by org.testng.reporters.JUnitReportReporter -->
<testsuite hostname="Dipali" failures="0" tests="7" name="productListPageTestCase.TC_01_SortProductByAscendingOrderByName" time="1.843" errors="0" timestamp="2024-05-28T16:50:57 IST" skipped="0">
  <testcase classname="productListPageTestCase.TC_01_SortProductByAscendingOrderByName" name="enterUserName" time="0.320"/>
  <system-out/>
  <testcase classname="productListPageTestCase.TC_01_SortProductByAscendingOrderByName" name="enterPassword" time="0.200"/>
  <system-out/>
  <testcase classname="productListPageTestCase.TC_01_SortProductByAscendingOrderByName" name="clickOnProductSortDropDownMenu" time="0.273"/>
  <system-out/>
  <testcase classname="productListPageTestCase.TC_01_SortProductByAscendingOrderByName" name="testDataInit" time="0.183"/>
  <system-out/>
  <testcase classname="productListPageTestCase.TC_01_SortProductByAscendingOrderByName" name="selectOptionByAscendingProductName" time="0.463"/>
  <system-out/>
  <testcase classname="productListPageTestCase.TC_01_SortProductByAscendingOrderByName" name="clickOnLoginButton" time="0.278"/>
  <system-out/>
  <testcase classname="productListPageTestCase.TC_01_SortProductByAscendingOrderByName" name="AssertProductListByAscendingOrder" time="0.126"/>
  <system-out/>
</testsuite> <!-- productListPageTestCase.TC_01_SortProductByAscendingOrderByName -->
