<?xml version="1.0" encoding="UTF-8"?>
<!-- Generated by org.testng.reporters.JUnitReportReporter -->
<testsuite hostname="Dipali" failures="0" tests="4" name="com.swagLab.loginPageTestCases.BaseLoginClass" time="1.021" errors="0" timestamp="2024-05-28T19:23:06 IST" skipped="0">
  <testcase classname="com.swagLab.loginPageTestCases.BaseLoginClass" name="enterPassword" time="0.251"/>
  <system-out/>
  <testcase classname="com.swagLab.loginPageTestCases.BaseLoginClass" name="enterUserName" time="0.405"/>
  <system-out/>
  <testcase classname="com.swagLab.loginPageTestCases.BaseLoginClass" name="testDataInit" time="0.008"/>
  <system-out/>
  <testcase classname="com.swagLab.loginPageTestCases.BaseLoginClass" name="clickOnLoginButton" time="0.357"/>
  <system-out/>
</testsuite> <!-- com.swagLab.loginPageTestCases.BaseLoginClass -->
